<?xml version="1.0" encoding="UTF-8"?>
<!-- Generated by org.testng.reporters.JUnitReportReporter -->
<testsuite skipped="0" hostname="DTP-QA-HAIDERA" name="com.automation.FirstClass" tests="1" failures="0" timestamp="28 Nov 2017 12:32:35 GMT" time="6.435" errors="0">
  <testcase name="firstTest" time="6.435" classname="com.automation.FirstClass"/>
</testsuite> <!-- com.automation.FirstClass -->
